=== SMAK BUILD REPORT ===
Timestamp: 20251207-230453
Makefile: Makefile
Report directory: /mnt/y/smak/bugs/iverilog-20251207-230453
==================================================

./config.status --recheck
running CONFIG_SHELL=/bin/bash /bin/bash ./configure --no-create --no-recursion
checking build system type... x86_64-pc-linux-gnu
checking host system type... x86_64-pc-linux-gnu
checking for gcc... gcc
checking whether the C compiler works... yes
checking for C compiler default output file name... a.out
checking for suffix of executables... 
checking whether we are cross compiling... no
checking for suffix of object files... o
checking whether the compiler supports GNU C... yes
checking whether gcc accepts -g... yes
checking for gcc option to enable C11 features... none needed
checking how to run the C preprocessor... gcc -E
checking for x86_64-pc-linux-gnu-gcc... no
checking for gcc... gcc
checking whether the compiler supports GNU C... (cached) yes
checking whether gcc accepts -g... yes
checking for gcc option to enable C11 features... (cached) none needed
checking whether the C compiler works... yes
checking for C compiler default output file name... a.out
checking for suffix of executables... 
checking whether we are cross compiling... no
checking for suffix of object files... o
checking how to run the C preprocessor... gcc -E
checking for g++... g++
checking whether the compiler supports GNU C++... yes
checking whether g++ accepts -g... yes
checking for g++ option to enable C++11 features... none needed
checking for ranlib... ranlib
checking for ld... ld
checking for ar... ar
checking for strip... strip
checking for windres... no
checking for gperf... gperf
checking for man... man
checking for ps2pdf... ps2pdf
checking for git... git
checking for flex... flex
checking for bison... bison
checking for Microsoft Windows... no
checking for gcc options needed to detect all undeclared functions... none needed
checking for stdio.h... yes
checking for stdlib.h... yes
checking for string.h... yes
checking for inttypes.h... yes
checking for stdint.h... yes
checking for strings.h... yes
checking for sys/stat.h... yes
checking for sys/types.h... yes
checking for unistd.h... yes
checking whether __SUNPRO_C is declared... no
checking if gcc supports -Wextra... yes
checking for g++ options needed to detect all undeclared functions... none needed
checking whether __SUNPRO_CC is declared... no
checking for getopt.h... yes
checking for inttypes.h... (cached) yes
checking for libiberty.h... no
checking for iosfwd... yes
checking for sys/wait.h... yes
checking size of unsigned long long... 8
checking size of unsigned long... 8
checking size of unsigned... 4
checking size of void *... 8
checking for tputs in -ltermcap... yes
checking for readline in -lreadline... yes
checking for add_history in -lreadline... yes
checking for readline/readline.h... yes
checking for readline/history.h... yes
checking for sys/resource.h... yes
checking for pthread_create in -lpthread... yes
checking for gzwrite in -lz... yes
checking for gzwrite in -lz... (cached) yes
checking for BZ2_bzdopen in -lbz2... no
checking for BZ2_bzdopen in -lbz2... (cached) no
checking for size_t... yes
checking for working alloca.h... yes
checking for alloca... yes
checking for _LARGEFILE_SOURCE value needed for large files... no
configure: Not using valgrind hooks
checking for sys/times... yes
checking for dlfcn.h... yes
checking for dlopen in -ldl... yes
checking for a BSD-compatible install... /mnt/y/iverilog/install: line 1: Basic: command not found
/mnt/y/iverilog/install: line 2: ==================: command not found
/mnt/y/iverilog/install: line 4: These: command not found
/mnt/y/iverilog/install: line 5: syntax error near unexpected token ``iverilog`'
/mnt/y/iverilog/install: line 5: `for the `iverilog` project.'
/usr/bin/install -c
checking whether byte ordering is bigendian... no
checking for extra libs needed... 
checking for flag to make position independent code... -fPIC
checking for realpath... yes
checking for fopen64... yes
checking for library containing lround... -lm
checking for library containing llround... none required
checking for library containing nan... none required
checking for library containing fmin... none required
checking for library containing fmax... none required
checking if uint64_t and unsigned long are identical... yes
checking for -rdynamic compiler flag... -rdynamic
checking for shared library link flag... -shared
checking for leading underscores... no
checking for trailing underscores... no
checking for sanity of prefix... ok
checking for sanity of exec_prefix... ok
checking for sanity of libdir... ok
configure: creating ./config.status
./config.status
config.status: creating Makefile
config.status: creating ivlpp/Makefile
config.status: creating vhdlpp/Makefile
config.status: creating vvp/Makefile
config.status: creating vpi/Makefile
config.status: creating driver/Makefile
config.status: creating driver-vpi/Makefile
config.status: creating cadpli/Makefile
config.status: creating libveriuser/Makefile
config.status: creating tgt-null/Makefile
config.status: creating tgt-stub/Makefile
config.status: creating tgt-vvp/Makefile
config.status: creating tgt-vhdl/Makefile
config.status: creating tgt-fpga/Makefile
config.status: creating tgt-verilog/Makefile
config.status: creating tgt-pal/Makefile
config.status: creating tgt-vlog95/Makefile
config.status: creating tgt-pcb/Makefile
config.status: creating tgt-blif/Makefile
config.status: creating tgt-sizer/Makefile
config.status: creating config.h
config.status: config.h is unchanged
config.status: creating _pli_types.h
config.status: _pli_types.h is unchanged
config.status: creating vhdlpp/vhdlpp_config.h
config.status: vhdlpp/vhdlpp_config.h is unchanged
config.status: creating vvp/config.h
config.status: vvp/config.h is unchanged
config.status: creating vpi/vpi_config.h
config.status: vpi/vpi_config.h is unchanged
config.status: creating libveriuser/config.h
config.status: libveriuser/config.h is unchanged
config.status: creating tgt-vvp/vvp_config.h
config.status: tgt-vvp/vvp_config.h is unchanged
config.status: creating tgt-vhdl/vhdl_config.h
config.status: tgt-vhdl/vhdl_config.h is unchanged
config.status: creating tgt-pcb/pcb_config.h
config.status: tgt-pcb/pcb_config.h is unchanged
./config.status --file=Makefile
config.status: creating Makefile
mkdir dep
mkdir: cannot create directory ‘dep’: File exists
smak: *** [dep] Error 1

==================================================
Running dry-run comparison (smak -n vs make)...
==================================================
Dry-run outputs saved:
  smak -n: /mnt/y/smak/bugs/iverilog-20251207-230453/smak-dryrun.txt
  make -n: /mnt/y/smak/bugs/iverilog-20251207-230453/make-dryrun.txt

=== BUILD REPORT COMPLETE ===
Log saved to: /mnt/y/smak/bugs/iverilog-20251207-230453/build.log
Dry-run comparison: smak-dryrun.txt vs make-dryrun.txt
