=== SMAK BUILD REPORT ===
Timestamp: 20251209-092248
Makefile: Makefile
Report directory: /mnt/y/smak/bugs/xyce-build-20251209-092248
==================================================

echo "... all (the default if no target is provided)"
... all (the default if no target is provided)
echo "... clean"
... clean
echo "... depend"
... depend
echo "... edit_cache"
... edit_cache
echo "... install"
... install
echo "... install/local"
... install/local
echo "... install/strip"
... install/strip
echo "... list_install_components"
... list_install_components
echo "... package"
... package
echo "... package_source"
... package_source
echo "... rebuild_cache"
... rebuild_cache
echo "... TimeStampHeader"
... TimeStampHeader
echo "... ADC_DACRunTest"
... ADC_DACRunTest
echo "... DeviceInterfaceTest"
... DeviceInterfaceTest
echo "... TestGH19"
... TestGH19
echo "... TestIssue29"
... TestIssue29
echo "... Xyce"
... Xyce
echo "... XyceLib"
... XyceLib
echo "... testBlockLinearSystems"
... testBlockLinearSystems
echo "... testFFTInterface"
... testFFTInterface
echo "... testGenCoup"
... testGenCoup
echo "... twoLevelNewtonLinearDC"
... twoLevelNewtonLinearDC
echo "... twoLevelNewtonLinearTran"
... twoLevelNewtonLinearTran
echo "... xycecinterface"
... xycecinterface
cmake -S/mnt/y/Xyce-8/xyce -B/mnt/y/Xyce-8/xyce-build --check-build-system CMakeFiles/Makefile.cmake 0
cmake -E cmake_progress_start /mnt/y/Xyce-8/xyce-build/CMakeFiles /mnt/y/Xyce-8/xyce-build//CMakeFiles/progress.marks
/home/dkc/bin/smak  -f CMakeFiles/Makefile2 all
Variable "%completed_targets" will not stay shared at /mnt/y/smak/Smak.pm line 2827.
Variable "@job_queue" will not stay shared at /mnt/y/smak/Smak.pm line 2830.
Variable "%running_jobs" will not stay shared at /mnt/y/smak/Smak.pm line 2835.
Variable "@observers" will not stay shared at /mnt/y/smak/Smak.pm line 2844.
Variable "@workers" will not stay shared at /mnt/y/smak/Smak.pm line 2852.
Variable "@job_queue" will not stay shared at /mnt/y/smak/Smak.pm line 2853.
Variable "%running_jobs" will not stay shared at /mnt/y/smak/Smak.pm line 2854.
Variable "@workers" will not stay shared at /mnt/y/smak/Smak.pm line 2859.
Variable "@job_queue" will not stay shared at /mnt/y/smak/Smak.pm line 2865.
Variable "@workers" will not stay shared at /mnt/y/smak/Smak.pm line 2868.
Variable "%worker_status" will not stay shared at /mnt/y/smak/Smak.pm line 2869.
Variable "$next_task_id" will not stay shared at /mnt/y/smak/Smak.pm line 2878.
Variable "%running_jobs" will not stay shared at /mnt/y/smak/Smak.pm line 2883.
Name "DB::single" used only once: possible typo at /mnt/y/smak/smak.pl line 451.
Name "DB::trace" used only once: possible typo at /mnt/y/smak/smak.pl line 454.
DEBUG[1518]: Building target 'all' (depth=0, makefile=CMakeFiles/Makefile2)
DEBUG[1624]:   Dependencies: src/all, src/test/all, utils/all, all,v, RCS/all, RCS/all,v, SCCS/s.all, s.all
DEBUG[1629]:   Has rule: no
DEBUG[1518]: Building target 'src/all' (depth=1, makefile=CMakeFiles/Makefile2)
DEBUG[1624]:   Dependencies: src/CMakeFiles/XyceLib.dir/all, src/CMakeFiles/Xyce.dir/all, src/CircuitPKG/all, src/AnalysisPKG/all, src/DeviceModelPKG/all, src/UtilityPKG/all, src/ErrorHandlingPKG/all, src/IOInterfacePKG/all, src/LinearAlgebraServicesPKG/all, src/LoaderServicesPKG/all, src/ParallelDistPKG/all, src/TopoManagerPKG/all, src/NonlinearSolverPKG/all, src/TimeIntegrationPKG/all, src/DakotaLinkPKG/all, src/MultiTimePDEPKG/all, src/all,v, RCS/src/all, RCS/src/all,v, SCCS/s.src/all, s.src/all
DEBUG[1629]:   Has rule: no
DEBUG[1518]: Building target 'src/CMakeFiles/XyceLib.dir/all' (depth=2, makefile=CMakeFiles/Makefile2)
DEBUG[1624]:   Dependencies: src/UtilityPKG/CMakeFiles/TimeStampHeader.dir/all
DEBUG[1627]:   Has rule: yes
DEBUG[1518]: Building target 'src/UtilityPKG/CMakeFiles/TimeStampHeader.dir/all' (depth=3, makefile=CMakeFiles/Makefile2)
DEBUG[1627]:   Has rule: yes
/home/dkc/bin/smak  -f src/UtilityPKG/CMakeFiles/TimeStampHeader.dir/build.make src/UtilityPKG/CMakeFiles/TimeStampHeader.dir/depend
Variable "%completed_targets" will not stay shared at /mnt/y/smak/Smak.pm line 2827.
Variable "@job_queue" will not stay shared at /mnt/y/smak/Smak.pm line 2830.
Variable "%running_jobs" will not stay shared at /mnt/y/smak/Smak.pm line 2835.
Variable "@observers" will not stay shared at /mnt/y/smak/Smak.pm line 2844.
Variable "@workers" will not stay shared at /mnt/y/smak/Smak.pm line 2852.
Variable "@job_queue" will not stay shared at /mnt/y/smak/Smak.pm line 2853.
Variable "%running_jobs" will not stay shared at /mnt/y/smak/Smak.pm line 2854.
Variable "@workers" will not stay shared at /mnt/y/smak/Smak.pm line 2859.
Variable "@job_queue" will not stay shared at /mnt/y/smak/Smak.pm line 2865.
Variable "@workers" will not stay shared at /mnt/y/smak/Smak.pm line 2868.
Variable "%worker_status" will not stay shared at /mnt/y/smak/Smak.pm line 2869.
Variable "$next_task_id" will not stay shared at /mnt/y/smak/Smak.pm line 2878.
Variable "%running_jobs" will not stay shared at /mnt/y/smak/Smak.pm line 2883.
Name "DB::trace" used only once: possible typo at /mnt/y/smak/smak.pl line 454.
Name "DB::single" used only once: possible typo at /mnt/y/smak/smak.pl line 451.
Warning: included file not found: src/UtilityPKG/CMakeFiles/TimeStampHeader.dir/src/UtilityPKG/CMakeFiles/TimeStampHeader.dir/compiler_depend.make
Warning: included file not found: src/UtilityPKG/CMakeFiles/TimeStampHeader.dir/src/UtilityPKG/CMakeFiles/TimeStampHeader.dir/progress.make
DEBUG[1518]: Building target 'src/UtilityPKG/CMakeFiles/TimeStampHeader.dir/depend' (depth=0, makefile=src/UtilityPKG/CMakeFiles/TimeStampHeader.dir/build.make)
DEBUG[1627]:   Has rule: yes
cd /mnt/y/Xyce-8/xyce-build && /usr/bin/cmake -E cmake_depends "Unix Makefiles" /mnt/y/Xyce-8/xyce /mnt/y/Xyce-8/xyce/src/UtilityPKG /mnt/y/Xyce-8/xyce-build /mnt/y/Xyce-8/xyce-build/src/UtilityPKG /mnt/y/Xyce-8/xyce-build/src/UtilityPKG/CMakeFiles/TimeStampHeader.dir/DependInfo.cmake "--color="
/home/dkc/bin/smak  -f src/UtilityPKG/CMakeFiles/TimeStampHeader.dir/build.make src/UtilityPKG/CMakeFiles/TimeStampHeader.dir/build
Variable "%completed_targets" will not stay shared at /mnt/y/smak/Smak.pm line 2827.
Variable "@job_queue" will not stay shared at /mnt/y/smak/Smak.pm line 2830.
Variable "%running_jobs" will not stay shared at /mnt/y/smak/Smak.pm line 2835.
Variable "@observers" will not stay shared at /mnt/y/smak/Smak.pm line 2844.
Variable "@workers" will not stay shared at /mnt/y/smak/Smak.pm line 2852.
Variable "@job_queue" will not stay shared at /mnt/y/smak/Smak.pm line 2853.
Variable "%running_jobs" will not stay shared at /mnt/y/smak/Smak.pm line 2854.
Variable "@workers" will not stay shared at /mnt/y/smak/Smak.pm line 2859.
Variable "@job_queue" will not stay shared at /mnt/y/smak/Smak.pm line 2865.
Variable "@workers" will not stay shared at /mnt/y/smak/Smak.pm line 2868.
Variable "%worker_status" will not stay shared at /mnt/y/smak/Smak.pm line 2869.
Variable "$next_task_id" will not stay shared at /mnt/y/smak/Smak.pm line 2878.
Variable "%running_jobs" will not stay shared at /mnt/y/smak/Smak.pm line 2883.
Name "DB::single" used only once: possible typo at /mnt/y/smak/smak.pl line 451.
Name "DB::trace" used only once: possible typo at /mnt/y/smak/smak.pl line 454.
Warning: included file not found: src/UtilityPKG/CMakeFiles/TimeStampHeader.dir/src/UtilityPKG/CMakeFiles/TimeStampHeader.dir/compiler_depend.make
Warning: included file not found: src/UtilityPKG/CMakeFiles/TimeStampHeader.dir/src/UtilityPKG/CMakeFiles/TimeStampHeader.dir/progress.make
DEBUG[1518]: Building target 'src/UtilityPKG/CMakeFiles/TimeStampHeader.dir/build' (depth=0, makefile=src/UtilityPKG/CMakeFiles/TimeStampHeader.dir/build.make)
DEBUG[1624]:   Dependencies: TimeStampHeader, src/UtilityPKG/CMakeFiles/TimeStampHeader.dir/build,v, RCS/src/UtilityPKG/CMakeFiles/TimeStampHeader.dir/build, RCS/src/UtilityPKG/CMakeFiles/TimeStampHeader.dir/build,v, SCCS/s.src/UtilityPKG/CMakeFiles/TimeStampHeader.dir/build, s.src/UtilityPKG/CMakeFiles/TimeStampHeader.dir/build
DEBUG[1629]:   Has rule: no
DEBUG[1518]: Building target 'TimeStampHeader' (depth=1, makefile=src/UtilityPKG/CMakeFiles/TimeStampHeader.dir/build.make)
DEBUG[1624]:   Dependencies: src/UtilityPKG/CMakeFiles/TimeStampHeader, src/UtilityPKG/MakeMeRunEveryBuild.h, src/UtilityPKG/timestamp.h, src/UtilityPKG/CMakeFiles/TimeStampHeader.dir/build.make, TimeStampHeader,v, RCS/TimeStampHeader, RCS/TimeStampHeader,v, SCCS/s.TimeStampHeader, s.TimeStampHeader
DEBUG[1629]:   Has rule: no
DEBUG[1518]: Building target 'src/UtilityPKG/CMakeFiles/TimeStampHeader' (depth=2, makefile=src/UtilityPKG/CMakeFiles/TimeStampHeader.dir/build.make)
DEBUG[1624]:   Dependencies: src/UtilityPKG/timestamp.h, src/UtilityPKG/MakeMeRunEveryBuild.h, src/UtilityPKG/CMakeFiles/TimeStampHeader,v, RCS/src/UtilityPKG/CMakeFiles/TimeStampHeader, RCS/src/UtilityPKG/CMakeFiles/TimeStampHeader,v, SCCS/s.src/UtilityPKG/CMakeFiles/TimeStampHeader, s.src/UtilityPKG/CMakeFiles/TimeStampHeader
DEBUG[1629]:   Has rule: no
DEBUG[1518]: Building target 'src/UtilityPKG/timestamp.h' (depth=3, makefile=src/UtilityPKG/CMakeFiles/TimeStampHeader.dir/build.make)
DEBUG[1624]:   Dependencies: /mnt/y/Xyce-8/xyce/src/UtilityPKG/BuildTimeStamp.cmake
DEBUG[1627]:   Has rule: yes
DEBUG[1518]: Building target '/mnt/y/Xyce-8/xyce/src/UtilityPKG/BuildTimeStamp.cmake' (depth=4, makefile=src/UtilityPKG/CMakeFiles/TimeStampHeader.dir/build.make)
DEBUG[1624]:   Dependencies: /mnt/y/Xyce-8/xyce/src/UtilityPKG/BuildTimeStamp.cmake,v, RCS//mnt/y/Xyce-8/xyce/src/UtilityPKG/BuildTimeStamp.cmake, RCS//mnt/y/Xyce-8/xyce/src/UtilityPKG/BuildTimeStamp.cmake,v, SCCS/s./mnt/y/Xyce-8/xyce/src/UtilityPKG/BuildTimeStamp.cmake, s./mnt/y/Xyce-8/xyce/src/UtilityPKG/BuildTimeStamp.cmake
DEBUG[1629]:   Has rule: no
DEBUG:   Target '/mnt/y/Xyce-8/xyce/src/UtilityPKG/BuildTimeStamp.cmake' is up-to-date, skipping
/usr/bin/cmake -E cmake_echo_color "--switch=" --blue --bold --progress-dir=/mnt/y/Xyce-8/xyce-build/CMakeFiles --progress-num= "Updating version string Git SHA and time stamp"
[  0%] Updating version string Git SHA and time stamp
cd /mnt/y/Xyce-8/xyce-build/src/UtilityPKG && /usr/bin/cmake -D Git_FOUND=TRUE -D GIT_EXECUTABLE=/usr/bin/git -D GIVEN_SOURCE_DIR=/mnt/y/Xyce-8/xyce -P /mnt/y/Xyce-8/xyce/src/UtilityPKG/BuildTimeStamp.cmake
DEBUG[1518]: Building target 'src/UtilityPKG/MakeMeRunEveryBuild.h' (depth=3, makefile=src/UtilityPKG/CMakeFiles/TimeStampHeader.dir/build.make)
DEBUG[1624]:   Dependencies: src/UtilityPKG/timestamp.h
DEBUG[1627]:   Has rule: yes
/usr/bin/cmake -E touch_nocreate src/UtilityPKG/MakeMeRunEveryBuild.h
DEBUG[1518]: Building target 'src/UtilityPKG/CMakeFiles/TimeStampHeader.dir/build.make' (depth=2, makefile=src/UtilityPKG/CMakeFiles/TimeStampHeader.dir/build.make)
DEBUG[1624]:   Dependencies: src/UtilityPKG/CMakeFiles/TimeStampHeader.dir/build.make,v, RCS/src/UtilityPKG/CMakeFiles/TimeStampHeader.dir/build.make, RCS/src/UtilityPKG/CMakeFiles/TimeStampHeader.dir/build.make,v, SCCS/s.src/UtilityPKG/CMakeFiles/TimeStampHeader.dir/build.make, s.src/UtilityPKG/CMakeFiles/TimeStampHeader.dir/build.make
DEBUG[1629]:   Has rule: no
DEBUG:   Target 'src/UtilityPKG/CMakeFiles/TimeStampHeader.dir/build.make' is up-to-date, skipping
/usr/bin/cmake -E cmake_echo_color "--switch=" --progress-dir=/mnt/y/Xyce-8/xyce-build/CMakeFiles --progress-num= "Built target TimeStampHeader"
[  0%] Built target TimeStampHeader
/home/dkc/bin/smak  -f src/CMakeFiles/XyceLib.dir/build.make src/CMakeFiles/XyceLib.dir/depend
Variable "%completed_targets" will not stay shared at /mnt/y/smak/Smak.pm line 2827.
Variable "@job_queue" will not stay shared at /mnt/y/smak/Smak.pm line 2830.
Variable "%running_jobs" will not stay shared at /mnt/y/smak/Smak.pm line 2835.
Variable "@observers" will not stay shared at /mnt/y/smak/Smak.pm line 2844.
Variable "@workers" will not stay shared at /mnt/y/smak/Smak.pm line 2852.
Variable "@job_queue" will not stay shared at /mnt/y/smak/Smak.pm line 2853.
Variable "%running_jobs" will not stay shared at /mnt/y/smak/Smak.pm line 2854.
Variable "@workers" will not stay shared at /mnt/y/smak/Smak.pm line 2859.
Variable "@job_queue" will not stay shared at /mnt/y/smak/Smak.pm line 2865.
Variable "@workers" will not stay shared at /mnt/y/smak/Smak.pm line 2868.
Variable "%worker_status" will not stay shared at /mnt/y/smak/Smak.pm line 2869.
Variable "$next_task_id" will not stay shared at /mnt/y/smak/Smak.pm line 2878.
Variable "%running_jobs" will not stay shared at /mnt/y/smak/Smak.pm line 2883.
Name "DB::trace" used only once: possible typo at /mnt/y/smak/smak.pl line 454.
Name "DB::single" used only once: possible typo at /mnt/y/smak/smak.pl line 451.
Warning: included file not found: src/CMakeFiles/XyceLib.dir/src/CMakeFiles/XyceLib.dir/depend.make
Warning: included file not found: src/CMakeFiles/XyceLib.dir/src/CMakeFiles/XyceLib.dir/compiler_depend.make
Warning: included file not found: src/CMakeFiles/XyceLib.dir/src/CMakeFiles/XyceLib.dir/progress.make
Warning: included file not found: src/CMakeFiles/XyceLib.dir/src/CMakeFiles/XyceLib.dir/flags.make
DEBUG[1518]: Building target 'src/CMakeFiles/XyceLib.dir/depend' (depth=0, makefile=src/CMakeFiles/XyceLib.dir/build.make)
DEBUG[1624]:   Dependencies: src/DeviceModelPKG/Core/N_DEV_ReactionLexer.cxx, src/DeviceModelPKG/Core/N_DEV_ReactionParser.cxx, src/DeviceModelPKG/Core/N_DEV_ReactionParser.hxx, src/UtilityPKG/ExpressionSrc/ExpressionLexer.cxx, src/UtilityPKG/ExpressionSrc/ExpressionParser.cxx, src/UtilityPKG/ExpressionSrc/ExpressionParser.hxx
DEBUG[1627]:   Has rule: yes
DEBUG[1518]: Building target 'src/DeviceModelPKG/Core/N_DEV_ReactionLexer.cxx' (depth=1, makefile=src/CMakeFiles/XyceLib.dir/build.make)
DEBUG[1624]:   Dependencies: /mnt/y/Xyce-8/xyce/src/DeviceModelPKG/Core/N_DEV_ReactionLexer.l
DEBUG[1627]:   Has rule: yes
DEBUG:   Target 'src/DeviceModelPKG/Core/N_DEV_ReactionLexer.cxx' is up-to-date, skipping
DEBUG[1518]: Building target 'src/DeviceModelPKG/Core/N_DEV_ReactionParser.cxx' (depth=1, makefile=src/CMakeFiles/XyceLib.dir/build.make)
DEBUG[1624]:   Dependencies: /mnt/y/Xyce-8/xyce/src/DeviceModelPKG/Core/N_DEV_ReactionParser.yxx
DEBUG[1627]:   Has rule: yes
DEBUG:   Target 'src/DeviceModelPKG/Core/N_DEV_ReactionParser.cxx' is up-to-date, skipping
DEBUG[1518]: Building target 'src/DeviceModelPKG/Core/N_DEV_ReactionParser.hxx' (depth=1, makefile=src/CMakeFiles/XyceLib.dir/build.make)
DEBUG[1624]:   Dependencies: src/DeviceModelPKG/Core/N_DEV_ReactionParser.cxx
DEBUG[1627]:   Has rule: yes
DEBUG:   Target 'src/DeviceModelPKG/Core/N_DEV_ReactionParser.hxx' is up-to-date, skipping
DEBUG[1518]: Building target 'src/UtilityPKG/ExpressionSrc/ExpressionLexer.cxx' (depth=1, makefile=src/CMakeFiles/XyceLib.dir/build.make)
DEBUG[1624]:   Dependencies: /mnt/y/Xyce-8/xyce/src/UtilityPKG/ExpressionSrc/ExpressionLexer.l
DEBUG[1627]:   Has rule: yes
DEBUG:   Target 'src/UtilityPKG/ExpressionSrc/ExpressionLexer.cxx' is up-to-date, skipping
DEBUG[1518]: Building target 'src/UtilityPKG/ExpressionSrc/ExpressionParser.cxx' (depth=1, makefile=src/CMakeFiles/XyceLib.dir/build.make)
DEBUG[1624]:   Dependencies: /mnt/y/Xyce-8/xyce/src/UtilityPKG/ExpressionSrc/ExpressionParser.yxx
DEBUG[1627]:   Has rule: yes
DEBUG:   Target 'src/UtilityPKG/ExpressionSrc/ExpressionParser.cxx' is up-to-date, skipping
DEBUG[1518]: Building target 'src/UtilityPKG/ExpressionSrc/ExpressionParser.hxx' (depth=1, makefile=src/CMakeFiles/XyceLib.dir/build.make)
DEBUG[1624]:   Dependencies: src/UtilityPKG/ExpressionSrc/ExpressionParser.cxx
DEBUG[1627]:   Has rule: yes
DEBUG:   Target 'src/UtilityPKG/ExpressionSrc/ExpressionParser.hxx' is up-to-date, skipping
cd /mnt/y/Xyce-8/xyce-build && /usr/bin/cmake -E cmake_depends "Unix Makefiles" /mnt/y/Xyce-8/xyce /mnt/y/Xyce-8/xyce/src /mnt/y/Xyce-8/xyce-build /mnt/y/Xyce-8/xyce-build/src /mnt/y/Xyce-8/xyce-build/src/CMakeFiles/XyceLib.dir/DependInfo.cmake "--color="
/home/dkc/bin/smak  -f src/CMakeFiles/XyceLib.dir/build.make src/CMakeFiles/XyceLib.dir/build
Variable "%completed_targets" will not stay shared at /mnt/y/smak/Smak.pm line 2827.
Variable "@job_queue" will not stay shared at /mnt/y/smak/Smak.pm line 2830.
Variable "%running_jobs" will not stay shared at /mnt/y/smak/Smak.pm line 2835.
Variable "@observers" will not stay shared at /mnt/y/smak/Smak.pm line 2844.
Variable "@workers" will not stay shared at /mnt/y/smak/Smak.pm line 2852.
Variable "@job_queue" will not stay shared at /mnt/y/smak/Smak.pm line 2853.
Variable "%running_jobs" will not stay shared at /mnt/y/smak/Smak.pm line 2854.
Variable "@workers" will not stay shared at /mnt/y/smak/Smak.pm line 2859.
Variable "@job_queue" will not stay shared at /mnt/y/smak/Smak.pm line 2865.
Variable "@workers" will not stay shared at /mnt/y/smak/Smak.pm line 2868.
Variable "%worker_status" will not stay shared at /mnt/y/smak/Smak.pm line 2869.
Variable "$next_task_id" will not stay shared at /mnt/y/smak/Smak.pm line 2878.
Variable "%running_jobs" will not stay shared at /mnt/y/smak/Smak.pm line 2883.
Name "DB::single" used only once: possible typo at /mnt/y/smak/smak.pl line 451.
Name "DB::trace" used only once: possible typo at /mnt/y/smak/smak.pl line 454.
Warning: included file not found: src/CMakeFiles/XyceLib.dir/src/CMakeFiles/XyceLib.dir/depend.make
Warning: included file not found: src/CMakeFiles/XyceLib.dir/src/CMakeFiles/XyceLib.dir/compiler_depend.make
Warning: included file not found: src/CMakeFiles/XyceLib.dir/src/CMakeFiles/XyceLib.dir/progress.make
Warning: included file not found: src/CMakeFiles/XyceLib.dir/src/CMakeFiles/XyceLib.dir/flags.make
DEBUG[1518]: Building target 'src/CMakeFiles/XyceLib.dir/build' (depth=0, makefile=src/CMakeFiles/XyceLib.dir/build.make)
DEBUG[1624]:   Dependencies: src/libxyce.a, src/CMakeFiles/XyceLib.dir/build,v, RCS/src/CMakeFiles/XyceLib.dir/build, RCS/src/CMakeFiles/XyceLib.dir/build,v, SCCS/s.src/CMakeFiles/XyceLib.dir/build, s.src/CMakeFiles/XyceLib.dir/build
DEBUG[1629]:   Has rule: no
DEBUG[1518]: Building target 'src/libxyce.a' (depth=1, makefile=src/CMakeFiles/XyceLib.dir/build.make)
DEBUG[1624]:   Dependencies: src/CMakeFiles/XyceLib.dir/UtilityPKG/ExpressionSrc/ExpressionParser.cxx.o, src/CMakeFiles/XyceLib.dir/UtilityPKG/ExpressionSrc/ExpressionLexer.cxx.o, src/CMakeFiles/XyceLib.dir/DeviceModelPKG/Core/N_DEV_ReactionParser.cxx.o, src/CMakeFiles/XyceLib.dir/DeviceModelPKG/Core/N_DEV_ReactionLexer.cxx.o, src/CMakeFiles/XyceLib.dir/CircuitPKG/N_CIR_Xyce.C.o, src/CMakeFiles/XyceLib.dir/CircuitPKG/N_CIR_SecondLevelSimulator.C.o, src/CMakeFiles/XyceLib.dir/CircuitPKG/N_CIR_MixedSignalSimulator.C.o, src/CMakeFiles/XyceLib.dir/CircuitPKG/N_CIR_GenCouplingSimulator.C.o, src/CMakeFiles/XyceLib.dir/AnalysisPKG/N_ANP_AC.C.o, src/CMakeFiles/XyceLib.dir/AnalysisPKG/N_ANP_AnalysisBase.C.o, src/CMakeFiles/XyceLib.dir/AnalysisPKG/N_ANP_AnalysisEvent.C.o, src/CMakeFiles/XyceLib.dir/AnalysisPKG/N_ANP_AnalysisManager.C.o, src/CMakeFiles/XyceLib.dir/AnalysisPKG/N_ANP_DCSweep.C.o, src/CMakeFiles/XyceLib.dir/AnalysisPKG/N_ANP_Dakota.C.o, src/CMakeFiles/XyceLib.dir/AnalysisPKG/N_ANP_EmbeddedSampling.C.o, src/CMakeFiles/XyceLib.dir/AnalysisPKG/N_ANP_PCE.C.o, src/CMakeFiles/XyceLib.dir/AnalysisPKG/N_ANP_HB.C.o, src/CMakeFiles/XyceLib.dir/AnalysisPKG/N_ANP_InnerLevelSolve.C.o, src/CMakeFiles/XyceLib.dir/AnalysisPKG/N_ANP_MOR.C.o, src/CMakeFiles/XyceLib.dir/AnalysisPKG/N_ANP_MPDE.C.o, src/CMakeFiles/XyceLib.dir/AnalysisPKG/N_ANP_MixedSignalManager.C.o, src/CMakeFiles/XyceLib.dir/AnalysisPKG/N_ANP_NOISE.C.o, src/CMakeFiles/XyceLib.dir/AnalysisPKG/N_ANP_Op.C.o, src/CMakeFiles/XyceLib.dir/AnalysisPKG/N_ANP_OpBuilders.C.o, src/CMakeFiles/XyceLib.dir/AnalysisPKG/N_ANP_OutputMgrAdapter.C.o, src/CMakeFiles/XyceLib.dir/AnalysisPKG/N_ANP_ROL.C.o, src/CMakeFiles/XyceLib.dir/AnalysisPKG/N_ANP_ROL_DC_Optimization.C.o, src/CMakeFiles/XyceLib.dir/AnalysisPKG/N_ANP_ROL_AC_Optimization.C.o, src/CMakeFiles/XyceLib.dir/AnalysisPKG/N_ANP_ROL_TRAN_Optimization.C.o, src/CMakeFiles/XyceLib.dir/AnalysisPKG/N_ANP_Report.C.o, src/CMakeFiles/XyceLib.dir/AnalysisPKG/N_ANP_RegisterAnalysis.C.o, src/CMakeFiles/XyceLib.dir/AnalysisPKG/N_ANP_Sampling.C.o, src/CMakeFiles/XyceLib.dir/AnalysisPKG/N_ANP_SecondLevelManager.C.o, src/CMakeFiles/XyceLib.dir/AnalysisPKG/N_ANP_Step.C.o, src/CMakeFiles/XyceLib.dir/AnalysisPKG/N_ANP_SweepParam.C.o, src/CMakeFiles/XyceLib.dir/AnalysisPKG/N_ANP_Transient.C.o, src/CMakeFiles/XyceLib.dir/AnalysisPKG/N_ANP_UQSupport.C.o, src/CMakeFiles/XyceLib.dir/DeviceModelPKG/Core/N_DEV_RegisterDevices.C.o, src/CMakeFiles/XyceLib.dir/DeviceModelPKG/Core/N_DEV_DeviceInstance.C.o, src/CMakeFiles/XyceLib.dir/DeviceModelPKG/Core/N_DEV_DeviceBlock.C.o, src/CMakeFiles/XyceLib.dir/DeviceModelPKG/Core/N_DEV_DeviceState.C.o, src/CMakeFiles/XyceLib.dir/DeviceModelPKG/Core/N_DEV_DeviceModel.C.o, src/CMakeFiles/XyceLib.dir/DeviceModelPKG/Core/N_DEV_DeviceMgr.C.o, src/CMakeFiles/XyceLib.dir/DeviceModelPKG/Core/N_DEV_DeviceSensitivities.C.o, src/CMakeFiles/XyceLib.dir/DeviceModelPKG/Core/N_DEV_DeviceMaster.C.o, src/CMakeFiles/XyceLib.dir/DeviceModelPKG/Core/N_DEV_Message.C.o, src/CMakeFiles/XyceLib.dir/DeviceModelPKG/Core/N_DEV_MatrixLoadData.C.o, src/CMakeFiles/XyceLib.dir/DeviceModelPKG/Core/N_DEV_NumericalJacobian.C.o, src/CMakeFiles/XyceLib.dir/DeviceModelPKG/Core/N_DEV_DeviceEntity.C.o, src/CMakeFiles/XyceLib.dir/DeviceModelPKG/Core/N_DEV_CompositeParam.C.o, src/CMakeFiles/XyceLib.dir/DeviceModelPKG/Core/N_DEV_Source.C.o, src/CMakeFiles/XyceLib.dir/DeviceModelPKG/Core/N_DEV_SourceData.C.o, src/CMakeFiles/XyceLib.dir/DeviceModelPKG/Core/N_DEV_RxnSet.C.o, src/CMakeFiles/XyceLib.dir/DeviceModelPKG/Core/N_DEV_Region.C.o, src/CMakeFiles/XyceLib.dir/DeviceModelPKG/Core/N_DEV_RegionData.C.o, src/CMakeFiles/XyceLib.dir/DeviceModelPKG/Core/N_DEV_SpecieSource.C.o, src/CMakeFiles/XyceLib.dir/DeviceModelPKG/Core/N_DEV_Specie.C.o, src/CMakeFiles/XyceLib.dir/DeviceModelPKG/Core/N_DEV_DeviceSupport.C.o, src/CMakeFiles/XyceLib.dir/DeviceModelPKG/Core/N_DEV_Param.C.o, src/CMakeFiles/XyceLib.dir/DeviceModelPKG/Core/N_DEV_DeviceOptions.C.o, src/CMakeFiles/XyceLib.dir/DeviceModelPKG/Core/N_DEV_ScalingVars.C.o, src/CMakeFiles/XyceLib.dir/DeviceModelPKG/Core/N_DEV_SolverState.C.o, src/CMakeFiles/XyceLib.dir/DeviceModelPKG/Core/N_DEV_Reaction.C.o, src/CMakeFiles/XyceLib.dir/DeviceModelPKG/Core/N_DEV_ReactionNetwork.C.o, src/CMakeFiles/XyceLib.dir/DeviceModelPKG/Core/N_DEV_RateConstantCalculators.C.o, src/CMakeFiles/XyceLib.dir/DeviceModelPKG/Core/N_DEV_Pars.C.o, src/CMakeFiles/XyceLib.dir/DeviceModelPKG/Core/N_DEV_LaTexDoc.C.o, src/CMakeFiles/XyceLib.dir/DeviceModelPKG/Core/N_DEV_Op.C.o, src/CMakeFiles/XyceLib.dir/DeviceModelPKG/Core/N_DEV_OpBuilders.C.o, src/CMakeFiles/XyceLib.dir/DeviceModelPKG/Core/N_DEV_Dump.C.o, src/CMakeFiles/XyceLib.dir/DeviceModelPKG/Core/N_DEV_InstanceName.C.o, src/CMakeFiles/XyceLib.dir/DeviceModelPKG/Core/N_DEV_Units.C.o, src/CMakeFiles/XyceLib.dir/DeviceModelPKG/Core/N_DEV_Configuration.C.o, src/CMakeFiles/XyceLib.dir/DeviceModelPKG/Core/N_DEV_Algorithm.C.o, src/CMakeFiles/XyceLib.dir/DeviceModelPKG/Core/N_DEV_Print.C.o, src/CMakeFiles/XyceLib.dir/DeviceModelPKG/OpenModels/N_DEV_RegisterOpenDevices.C.o, src/CMakeFiles/XyceLib.dir/DeviceModelPKG/OpenModels/N_DEV_ArtificialParameters.C.o, src/CMakeFiles/XyceLib.dir/DeviceModelPKG/OpenModels/N_DEV_ACC.C.o, src/CMakeFiles/XyceLib.dir/DeviceModelPKG/OpenModels/N_DEV_BJT.C.o, src/CMakeFiles/XyceLib.dir/DeviceModelPKG/OpenModels/N_DEV_Battery.C.o, src/CMakeFiles/XyceLib.dir/DeviceModelPKG/OpenModels/N_DEV_Capacitor.C.o, src/CMakeFiles/XyceLib.dir/DeviceModelPKG/OpenModels/N_DEV_DAC.C.o, src/CMakeFiles/XyceLib.dir/DeviceModelPKG/OpenModels/N_DEV_ADC.C.o, src/CMakeFiles/XyceLib.dir/DeviceModelPKG/OpenModels/N_DEV_Bsrc.C.o, src/CMakeFiles/XyceLib.dir/DeviceModelPKG/OpenModels/N_DEV_Diode.C.o, src/CMakeFiles/XyceLib.dir/DeviceModelPKG/OpenModels/N_DEV_GeneralExternal.C.o, src/CMakeFiles/XyceLib.dir/DeviceModelPKG/OpenModels/N_DEV_ISRC.C.o, src/CMakeFiles/XyceLib.dir/DeviceModelPKG/OpenModels/N_DEV_Inductor.C.o, src/CMakeFiles/XyceLib.dir/DeviceModelPKG/OpenModels/N_DEV_JFET.C.o, src/CMakeFiles/XyceLib.dir/DeviceModelPKG/OpenModels/N_DEV_LTRA.C.o, src/CMakeFiles/XyceLib.dir/DeviceModelPKG/OpenModels/N_DEV_MemristorPEM.C.o, src/CMakeFiles/XyceLib.dir/DeviceModelPKG/OpenModels/N_DEV_MemristorTEAM.C.o, src/CMakeFiles/XyceLib.dir/DeviceModelPKG/OpenModels/N_DEV_MemristorYakopcic.C.o, src/CMakeFiles/XyceLib.dir/DeviceModelPKG/OpenModels/N_DEV_MESFET.C.o, src/CMakeFiles/XyceLib.dir/DeviceModelPKG/OpenModels/N_DEV_MOSFET1.C.o, src/CMakeFiles/XyceLib.dir/DeviceModelPKG/OpenModels/N_DEV_MOSFET2.C.o, src/CMakeFiles/XyceLib.dir/DeviceModelPKG/OpenModels/N_DEV_MOSFET3.C.o, src/CMakeFiles/XyceLib.dir/DeviceModelPKG/OpenModels/N_DEV_MOSFET6.C.o, src/CMakeFiles/XyceLib.dir/DeviceModelPKG/OpenModels/N_DEV_MOSFET_B3.C.o, src/CMakeFiles/XyceLib.dir/DeviceModelPKG/OpenModels/N_DEV_MOSFET_B4.C.o, src/CMakeFiles/XyceLib.dir/DeviceModelPKG/OpenModels/N_DEV_MOSFET_B4p61.C.o, src/CMakeFiles/XyceLib.dir/DeviceModelPKG/OpenModels/N_DEV_MOSFET_B4p70.C.o, src/CMakeFiles/XyceLib.dir/DeviceModelPKG/OpenModels/N_DEV_MOSFET_B4p82.C.o, src/CMakeFiles/XyceLib.dir/DeviceModelPKG/OpenModels/N_DEV_MOSFET_B3SOI.C.o, src/CMakeFiles/XyceLib.dir/DeviceModelPKG/OpenModels/N_DEV_MutIndLin.C.o, src/CMakeFiles/XyceLib.dir/DeviceModelPKG/OpenModels/N_DEV_MutIndNonLin.C.o, src/CMakeFiles/XyceLib.dir/DeviceModelPKG/OpenModels/N_DEV_MutIndNonLin2.C.o, src/CMakeFiles/XyceLib.dir/DeviceModelPKG/OpenModels/N_DEV_OpAmp.C.o, src/CMakeFiles/XyceLib.dir/DeviceModelPKG/OpenModels/N_DEV_Digital.C.o, src/CMakeFiles/XyceLib.dir/DeviceModelPKG/OpenModels/N_DEV_VDMOS.C.o, src/CMakeFiles/XyceLib.dir/DeviceModelPKG/OpenModels/N_DEV_Resistor.C.o, src/CMakeFiles/XyceLib.dir/DeviceModelPKG/OpenModels/N_DEV_Resistor3.C.o, src/CMakeFiles/XyceLib.dir/DeviceModelPKG/OpenModels/N_DEV_ThermalResistor.C.o, src/CMakeFiles/XyceLib.dir/DeviceModelPKG/OpenModels/N_DEV_SW.C.o, src/CMakeFiles/XyceLib.dir/DeviceModelPKG/OpenModels/N_DEV_TRA.C.o, src/CMakeFiles/XyceLib.dir/DeviceModelPKG/OpenModels/N_DEV_VCCS.C.o, src/CMakeFiles/XyceLib.dir/DeviceModelPKG/OpenModels/N_DEV_Vcvs.C.o, src/CMakeFiles/XyceLib.dir/DeviceModelPKG/OpenModels/N_DEV_Vsrc.C.o, src/CMakeFiles/XyceLib.dir/DeviceModelPKG/OpenModels/N_DEV_ROM.C.o, src/CMakeFiles/XyceLib.dir/DeviceModelPKG/OpenModels/N_DEV_TransLine.C.o, src/CMakeFiles/XyceLib.dir/DeviceModelPKG/OpenModels/N_DEV_PowerGrid.C.o, src/CMakeFiles/XyceLib.dir/DeviceModelPKG/OpenModels/N_DEV_PowerGridBranch.C.o, src/CMakeFiles/XyceLib.dir/DeviceModelPKG/OpenModels/N_DEV_PowerGridBusShunt.C.o, src/CMakeFiles/XyceLib.dir/DeviceModelPKG/OpenModels/N_DEV_PowerGridGenBus.C.o, src/CMakeFiles/XyceLib.dir/DeviceModelPKG/OpenModels/N_DEV_PowerGridTransformer.C.o, src/CMakeFiles/XyceLib.dir/DeviceModelPKG/OpenModels/N_DEV_AntiWindupLimiter.C.o, src/CMakeFiles/XyceLib.dir/DeviceModelPKG/OpenModels/N_DEV_YLin.C.o, src/CMakeFiles/XyceLib.dir/DeviceModelPKG/OpenModels/N_DEV_Delay.C.o, src/CMakeFiles/XyceLib.dir/DeviceModelPKG/TCADModels/N_DEV_RegisterTCADDevices.C.o, src/CMakeFiles/XyceLib.dir/DeviceModelPKG/TCADModels/N_DEV_2DPDE_DAE.C.o, src/CMakeFiles/XyceLib.dir/DeviceModelPKG/TCADModels/N_DEV_2DPDE_Output.C.o, src/CMakeFiles/XyceLib.dir/DeviceModelPKG/TCADModels/N_DEV_2DPDEInstance.C.o, src/CMakeFiles/XyceLib.dir/DeviceModelPKG/TCADModels/N_DEV_2DPDEModel.C.o, src/CMakeFiles/XyceLib.dir/DeviceModelPKG/TCADModels/N_DEV_2DPDEParam.C.o, src/CMakeFiles/XyceLib.dir/DeviceModelPKG/TCADModels/N_DEV_2DPDESetup.C.o, src/CMakeFiles/XyceLib.dir/DeviceModelPKG/TCADModels/N_DEV_BernouliSupport.C.o, src/CMakeFiles/XyceLib.dir/DeviceModelPKG/TCADModels/N_DEV_DevicePDEInstance.C.o, src/CMakeFiles/XyceLib.dir/DeviceModelPKG/TCADModels/N_DEV_DiodePDE_DAE.C.o, src/CMakeFiles/XyceLib.dir/DeviceModelPKG/TCADModels/N_DEV_DiodePDEInstance.C.o, src/CMakeFiles/XyceLib.dir/DeviceModelPKG/TCADModels/N_DEV_DiodePDEModel.C.o, src/CMakeFiles/XyceLib.dir/DeviceModelPKG/TCADModels/N_DEV_DopeInfo.C.o, src/CMakeFiles/XyceLib.dir/DeviceModelPKG/TCADModels/N_DEV_MaterialLayer.C.o, src/CMakeFiles/XyceLib.dir/DeviceModelPKG/TCADModels/N_DEV_MaterialSupport.C.o, src/CMakeFiles/XyceLib.dir/DeviceModelPKG/TCADModels/N_DEV_PDEMeshContainer.C.o, src/CMakeFiles/XyceLib.dir/DeviceModelPKG/TCADModels/N_DEV_PDE_2DMesh.C.o, src/CMakeFiles/XyceLib.dir/DeviceModelPKG/TCADModels/N_DEV_PDE_Electrode.C.o, src/CMakeFiles/XyceLib.dir/DeviceModelPKG/IBISModels/N_DEV_RegisterIBISDevices.C.o, src/CMakeFiles/XyceLib.dir/DeviceModelPKG/IBISModels/N_DEV_IBIS.C.o, src/CMakeFiles/XyceLib.dir/DeviceModelPKG/EXTSC/N_DEV_1D_Interface.C.o, src/CMakeFiles/XyceLib.dir/DeviceModelPKG/EXTSC/N_DEV_CharonInterface.C.o, src/CMakeFiles/XyceLib.dir/DeviceModelPKG/EXTSC/N_DEV_ExternCodeInterface.C.o, src/CMakeFiles/XyceLib.dir/DeviceModelPKG/EXTSC/N_DEV_ExternDevice.C.o, src/CMakeFiles/XyceLib.dir/DeviceModelPKG/EXTSC/N_DEV_RegisterExternalDevices.C.o, src/CMakeFiles/XyceLib.dir/DeviceModelPKG/EXTSC/N_DEV_XyceInterface.C.o, src/CMakeFiles/XyceLib.dir/DeviceModelPKG/ADMS/N_DEV_RegisterADMSDevices.C.o, src/CMakeFiles/XyceLib.dir/DeviceModelPKG/ADMS/N_DEV_ADMSvbic13.C.o, src/CMakeFiles/XyceLib.dir/DeviceModelPKG/ADMS/N_DEV_ADMSvbic13_4t.C.o, src/CMakeFiles/XyceLib.dir/DeviceModelPKG/ADMS/N_DEV_ADMSPSP103VA.C.o, src/CMakeFiles/XyceLib.dir/DeviceModelPKG/ADMS/N_DEV_ADMSPSP103TVA.C.o, src/CMakeFiles/XyceLib.dir/DeviceModelPKG/ADMS/N_DEV_ADMSPSP102VA.C.o, src/CMakeFiles/XyceLib.dir/DeviceModelPKG/ADMS/N_DEV_ADMSJUNCAP200.C.o, src/CMakeFiles/XyceLib.dir/DeviceModelPKG/ADMS/N_DEV_ADMSDIODE_CMC.C.o, src/CMakeFiles/XyceLib.dir/DeviceModelPKG/ADMS/N_DEV_ADMSHBT_X.C.o, src/CMakeFiles/XyceLib.dir/DeviceModelPKG/ADMS/N_DEV_ADMSbsimcmg.C.o, src/CMakeFiles/XyceLib.dir/DeviceModelPKG/ADMS/N_DEV_ADMSbsimcmg_108.C.o, src/CMakeFiles/XyceLib.dir/DeviceModelPKG/ADMS/N_DEV_ADMSbsimcmg_110.C.o, src/CMakeFiles/XyceLib.dir/DeviceModelPKG/ADMS/N_DEV_ADMSbsimcmg_111.C.o, src/CMakeFiles/XyceLib.dir/DeviceModelPKG/ADMS/N_DEV_ADMSbsim6.C.o, src/CMakeFiles/XyceLib.dir/DeviceModelPKG/ADMS/N_DEV_ADMSbsimsoi.C.o, src/CMakeFiles/XyceLib.dir/DeviceModelPKG/ADMS/N_DEV_ADMSbsimsoi461.C.o, src/CMakeFiles/XyceLib.dir/DeviceModelPKG/ADMS/N_DEV_ADMSbsimsoi450.C.o, src/CMakeFiles/XyceLib.dir/DeviceModelPKG/ADMS/N_DEV_ADMSbjt504va.C.o, src/CMakeFiles/XyceLib.dir/DeviceModelPKG/ADMS/N_DEV_ADMSbjt504tva.C.o, src/CMakeFiles/XyceLib.dir/DeviceModelPKG/ADMS/N_DEV_ADMSmvs_2_0_0_etsoi.C.o, src/CMakeFiles/XyceLib.dir/DeviceModelPKG/ADMS/N_DEV_ADMSmvs_2_0_0_hemt.C.o, src/CMakeFiles/XyceLib.dir/DeviceModelPKG/ADMS/N_DEV_ADMSmvsg_cmc.C.o, src/CMakeFiles/XyceLib.dir/DeviceModelPKG/ADMS/N_DEV_ADMShicumL2va.C.o, src/CMakeFiles/XyceLib.dir/DeviceModelPKG/ADMS/N_DEV_ADMShic0_full.C.o, src/CMakeFiles/XyceLib.dir/DeviceModelPKG/ADMS/N_DEV_ADMSl_utsoi.C.o, src/CMakeFiles/XyceLib.dir/DeviceModelPKG/ADMS/N_DEV_ADMSekv_va.C.o, src/CMakeFiles/XyceLib.dir/DeviceModelPKG/NeuronModels/N_DEV_RegisterNeuronDevices.C.o, src/CMakeFiles/XyceLib.dir/DeviceModelPKG/NeuronModels/N_DEV_Neuron.C.o, src/CMakeFiles/XyceLib.dir/DeviceModelPKG/NeuronModels/N_DEV_Neuron2.C.o, src/CMakeFiles/XyceLib.dir/DeviceModelPKG/NeuronModels/N_DEV_Neuron3.C.o, src/CMakeFiles/XyceLib.dir/DeviceModelPKG/NeuronModels/N_DEV_Neuron4.C.o, src/CMakeFiles/XyceLib.dir/DeviceModelPKG/NeuronModels/N_DEV_Neuron5.C.o, src/CMakeFiles/XyceLib.dir/DeviceModelPKG/NeuronModels/N_DEV_Neuron6.C.o, src/CMakeFiles/XyceLib.dir/DeviceModelPKG/NeuronModels/N_DEV_Neuron7.C.o, src/CMakeFiles/XyceLib.dir/DeviceModelPKG/NeuronModels/N_DEV_Neuron8.C.o, src/CMakeFiles/XyceLib.dir/DeviceModelPKG/NeuronModels/N_DEV_Neuron9.C.o, src/CMakeFiles/XyceLib.dir/DeviceModelPKG/NeuronModels/N_DEV_NeuronPop1.C.o, src/CMakeFiles/XyceLib.dir/DeviceModelPKG/NeuronModels/N_DEV_Synapse.C.o, src/CMakeFiles/XyceLib.dir/DeviceModelPKG/NeuronModels/N_DEV_Synapse2.C.o, src/CMakeFiles/XyceLib.dir/DeviceModelPKG/NeuronModels/N_DEV_Synapse3.C.o, src/CMakeFiles/XyceLib.dir/DeviceModelPKG/NeuronModels/N_DEV_Synapse4.C.o, src/CMakeFiles/XyceLib.dir/DeviceModelPKG/NeuronModels/N_DEV_MembraneModel.C.o, src/CMakeFiles/XyceLib.dir/DeviceModelPKG/NeuronModels/N_DEV_MembranePassive.C.o, src/CMakeFiles/XyceLib.dir/DeviceModelPKG/NeuronModels/N_DEV_MembraneHH.C.o, src/CMakeFiles/XyceLib.dir/DeviceModelPKG/NeuronModels/N_DEV_MembraneCS.C.o, src/CMakeFiles/XyceLib.dir/DeviceModelPKG/NeuronModels/N_DEV_MembraneUserDefined.C.o, src/CMakeFiles/XyceLib.dir/UtilityPKG/ExpressionSrc/ast.C.o, src/CMakeFiles/XyceLib.dir/UtilityPKG/ExpressionSrc/expressionGroup.C.o, src/CMakeFiles/XyceLib.dir/UtilityPKG/ExpressionSrc/newExpression.C.o, src/CMakeFiles/XyceLib.dir/UtilityPKG/ExpressionSrc/deviceExpressionGroup.C.o, src/CMakeFiles/XyceLib.dir/UtilityPKG/ExpressionSrc/mainXyceExpressionGroup.C.o, src/CMakeFiles/XyceLib.dir/UtilityPKG/ExpressionSrc/outputsXyceExpressionGroup.C.o, src/CMakeFiles/XyceLib.dir/UtilityPKG/N_UTL_BasicFFT_Interface.C.o, src/CMakeFiles/XyceLib.dir/UtilityPKG/N_UTL_BreakPoint.C.o, src/CMakeFiles/XyceLib.dir/UtilityPKG/N_UTL_Demangle.C.o, src/CMakeFiles/XyceLib.dir/UtilityPKG/N_UTL_DeviceNameConverters.C.o, src/CMakeFiles/XyceLib.dir/UtilityPKG/N_UTL_Diagnostic.C.o, src/CMakeFiles/XyceLib.dir/UtilityPKG/N_UTL_Expression.C.o, src/CMakeFiles/XyceLib.dir/UtilityPKG/N_UTL_ExpressionData.C.o, src/CMakeFiles/XyceLib.dir/UtilityPKG/N_UTL_APFT.C.o, src/CMakeFiles/XyceLib.dir/UtilityPKG/N_UTL_FFTInterface.C.o, src/CMakeFiles/XyceLib.dir/UtilityPKG/N_UTL_LogStream.C.o, src/CMakeFiles/XyceLib.dir/UtilityPKG/N_UTL_Misc.C.o, src/CMakeFiles/XyceLib.dir/UtilityPKG/N_UTL_MathSpecialFunctions.C.o, src/CMakeFiles/XyceLib.dir/UtilityPKG/N_UTL_ExtendedString.C.o, src/CMakeFiles/XyceLib.dir/UtilityPKG/N_UTL_NoCase.C.o, src/CMakeFiles/XyceLib.dir/UtilityPKG/N_UTL_Op.C.o, src/CMakeFiles/XyceLib.dir/UtilityPKG/N_UTL_OpBuilder.C.o, src/CMakeFiles/XyceLib.dir/UtilityPKG/N_UTL_OptionBlock.C.o, src/CMakeFiles/XyceLib.dir/UtilityPKG/N_UTL_OutputAPIHelpers.C.o, src/CMakeFiles/XyceLib.dir/UtilityPKG/N_UTL_Param.C.o, src/CMakeFiles/XyceLib.dir/UtilityPKG/N_UTL_Marshal.C.o, src/CMakeFiles/XyceLib.dir/UtilityPKG/N_UTL_JSON.C.o, src/CMakeFiles/XyceLib.dir/UtilityPKG/N_UTL_SendCURL.C.o, src/CMakeFiles/XyceLib.dir/UtilityPKG/N_UTL_ReportHandler.C.o, src/CMakeFiles/XyceLib.dir/UtilityPKG/N_UTL_Timer.C.o, src/CMakeFiles/XyceLib.dir/UtilityPKG/N_UTL_CPUTime.C.o, src/CMakeFiles/XyceLib.dir/UtilityPKG/N_UTL_MallocUsed.C.o, src/CMakeFiles/XyceLib.dir/UtilityPKG/N_UTL_FormatMemorySize.C.o, src/CMakeFiles/XyceLib.dir/UtilityPKG/N_UTL_FormatTime.C.o, src/CMakeFiles/XyceLib.dir/UtilityPKG/N_UTL_StatMetricTraits.C.o, src/CMakeFiles/XyceLib.dir/UtilityPKG/N_UTL_Stats.C.o, src/CMakeFiles/XyceLib.dir/UtilityPKG/N_UTL_Platform.C.o, src/CMakeFiles/XyceLib.dir/UtilityPKG/N_UTL_PrintStats.C.o, src/CMakeFiles/XyceLib.dir/UtilityPKG/N_UTL_PrintTable.C.o, src/CMakeFiles/XyceLib.dir/UtilityPKG/N_UTL_WallTime.C.o, src/CMakeFiles/XyceLib.dir/UtilityPKG/N_UTL_Version.C.o, src/CMakeFiles/XyceLib.dir/UtilityPKG/N_UTL_NameLevelKey.C.o, src/CMakeFiles/XyceLib.dir/UtilityPKG/N_UTL_NetlistLocation.C.o, src/CMakeFiles/XyceLib.dir/UtilityPKG/N_UTL_NodeSymbols.C.o, src/CMakeFiles/XyceLib.dir/UtilityPKG/N_UTL_CheckIfValidFile.C.o, src/CMakeFiles/XyceLib.dir/UtilityPKG/N_UTL_CheckIfValidURI.C.o, src/CMakeFiles/XyceLib.dir/UtilityPKG/N_UTL_RFparams.C.o, src/CMakeFiles/XyceLib.dir/ErrorHandlingPKG/N_ERH_ErrorMgr.C.o, src/CMakeFiles/XyceLib.dir/ErrorHandlingPKG/N_ERH_Message.C.o, src/CMakeFiles/XyceLib.dir/ErrorHandlingPKG/N_ERH_Messenger.C.o, src/CMakeFiles/XyceLib.dir/ErrorHandlingPKG/N_ERH_Progress.C.o, src/CMakeFiles/XyceLib.dir/IOInterfacePKG/Output/N_IO_MeasureManager.C.o, src/CMakeFiles/XyceLib.dir/IOInterfacePKG/Output/N_IO_MeasureBase.C.o, src/CMakeFiles/XyceLib.dir/IOInterfacePKG/Output/N_IO_MeasureExtrema.C.o, src/CMakeFiles/XyceLib.dir/IOInterfacePKG/Output/N_IO_MeasureStats.C.o, src/CMakeFiles/XyceLib.dir/IOInterfacePKG/Output/N_IO_MeasureTranStats.C.o, src/CMakeFiles/XyceLib.dir/IOInterfacePKG/Output/N_IO_MeasureRiseFallDelay.C.o, src/CMakeFiles/XyceLib.dir/IOInterfacePKG/Output/N_IO_MeasureTrigTarg.C.o, src/CMakeFiles/XyceLib.dir/IOInterfacePKG/Output/N_IO_MeasureAverage.C.o, src/CMakeFiles/XyceLib.dir/IOInterfacePKG/Output/N_IO_MeasureDuty.C.o, src/CMakeFiles/XyceLib.dir/IOInterfacePKG/Output/N_IO_MeasureErrorFunctions.C.o, src/CMakeFiles/XyceLib.dir/IOInterfacePKG/Output/N_IO_MeasureFrequency.C.o, src/CMakeFiles/XyceLib.dir/IOInterfacePKG/Output/N_IO_MeasureMax.C.o, src/CMakeFiles/XyceLib.dir/IOInterfacePKG/Output/N_IO_MeasureMin.C.o, src/CMakeFiles/XyceLib.dir/IOInterfacePKG/Output/N_IO_MeasureOffTime.C.o, src/CMakeFiles/XyceLib.dir/IOInterfacePKG/Output/N_IO_MeasureOnTime.C.o, src/CMakeFiles/XyceLib.dir/IOInterfacePKG/Output/N_IO_MeasurePeakToPeak.C.o, src/CMakeFiles/XyceLib.dir/IOInterfacePKG/Output/N_IO_MeasureRMS.C.o, src/CMakeFiles/XyceLib.dir/IOInterfacePKG/Output/N_IO_MeasureWhenAT.C.o, src/CMakeFiles/XyceLib.dir/IOInterfacePKG/Output/N_IO_MeasureFindWhen.C.o, src/CMakeFiles/XyceLib.dir/IOInterfacePKG/Output/N_IO_MeasureEquationEvaluation.C.o, src/CMakeFiles/XyceLib.dir/IOInterfacePKG/Output/N_IO_MeasureDerivativeEvaluation.C.o, src/CMakeFiles/XyceLib.dir/IOInterfacePKG/Output/N_IO_MeasureIntegralEvaluation.C.o, src/CMakeFiles/XyceLib.dir/IOInterfacePKG/Output/N_IO_MeasureError.C.o, src/CMakeFiles/XyceLib.dir/IOInterfacePKG/Output/N_IO_MeasureFourier.C.o, src/CMakeFiles/XyceLib.dir/IOInterfacePKG/Output/N_IO_MeasureFFT.C.o, src/CMakeFiles/XyceLib.dir/IOInterfacePKG/Output/N_IO_Remeasure.C.o, src/CMakeFiles/XyceLib.dir/IOInterfacePKG/N_IO_CmdParse.C.o, src/CMakeFiles/XyceLib.dir/IOInterfacePKG/N_IO_NetlistImportTool.C.o, src/CMakeFiles/XyceLib.dir/IOInterfacePKG/N_IO_DistToolFactory.C.o, src/CMakeFiles/XyceLib.dir/IOInterfacePKG/N_IO_DistToolDefault.C.o, src/CMakeFiles/XyceLib.dir/IOInterfacePKG/N_IO_DistToolDevBalanced.C.o, src/CMakeFiles/XyceLib.dir/IOInterfacePKG/N_IO_DistToolFlatRoundRobin.C.o, src/CMakeFiles/XyceLib.dir/IOInterfacePKG/N_IO_DistToolBase.C.o, src/CMakeFiles/XyceLib.dir/IOInterfacePKG/N_IO_ExtOutWrapper.C.o, src/CMakeFiles/XyceLib.dir/IOInterfacePKG/N_IO_MORAnalysisTool.C.o, src/CMakeFiles/XyceLib.dir/IOInterfacePKG/N_IO_OutputMgr.C.o, src/CMakeFiles/XyceLib.dir/IOInterfacePKG/N_IO_ParsingMgr.C.o, src/CMakeFiles/XyceLib.dir/IOInterfacePKG/N_IO_LoadManager.C.o, src/CMakeFiles/XyceLib.dir/IOInterfacePKG/N_IO_OutputResponse.C.o, src/CMakeFiles/XyceLib.dir/IOInterfacePKG/N_IO_OutputMacroResults.C.o, src/CMakeFiles/XyceLib.dir/IOInterfacePKG/N_IO_OutputMOR.C.o, src/CMakeFiles/XyceLib.dir/IOInterfacePKG/N_IO_OutputROM.C.o, src/CMakeFiles/XyceLib.dir/IOInterfacePKG/N_IO_OutputResults.C.o, src/CMakeFiles/XyceLib.dir/IOInterfacePKG/N_IO_OutputFileBase.C.o, src/CMakeFiles/XyceLib.dir/IOInterfacePKG/N_IO_OutputPrn.C.o, src/CMakeFiles/XyceLib.dir/IOInterfacePKG/N_IO_OutputCsd.C.o, src/CMakeFiles/XyceLib.dir/IOInterfacePKG/N_IO_PrintDeviceCount.C.o, src/CMakeFiles/XyceLib.dir/IOInterfacePKG/N_IO_InitialConditions.C.o, src/CMakeFiles/XyceLib.dir/IOInterfacePKG/N_IO_OutputterExternal.C.o, src/CMakeFiles/XyceLib.dir/IOInterfacePKG/N_IO_OutputterLocal.C.o, src/CMakeFiles/XyceLib.dir/IOInterfacePKG/N_IO_OutputterFrequencyCSV.C.o, src/CMakeFiles/XyceLib.dir/IOInterfacePKG/N_IO_OutputterFrequencyPrn.C.o, src/CMakeFiles/XyceLib.dir/IOInterfacePKG/N_IO_OutputterFrequencyProbe.C.o, src/CMakeFiles/XyceLib.dir/IOInterfacePKG/N_IO_OutputterFrequencyRaw.C.o, src/CMakeFiles/XyceLib.dir/IOInterfacePKG/N_IO_OutputterFrequencyRawASCII.C.o, src/CMakeFiles/XyceLib.dir/IOInterfacePKG/N_IO_OutputterFrequencyTecplot.C.o, src/CMakeFiles/XyceLib.dir/IOInterfacePKG/N_IO_OutputterHBTimeCSV.C.o, src/CMakeFiles/XyceLib.dir/IOInterfacePKG/N_IO_OutputterHBFreqCSV.C.o, src/CMakeFiles/XyceLib.dir/IOInterfacePKG/N_IO_OutputterHBICCSV.C.o, src/CMakeFiles/XyceLib.dir/IOInterfacePKG/N_IO_OutputterHBTimePrn.C.o, src/CMakeFiles/XyceLib.dir/IOInterfacePKG/N_IO_OutputterHBFreqPrn.C.o, src/CMakeFiles/XyceLib.dir/IOInterfacePKG/N_IO_OutputterHBICPrn.C.o, src/CMakeFiles/XyceLib.dir/IOInterfacePKG/N_IO_OutputterHBTimeTecplot.C.o, src/CMakeFiles/XyceLib.dir/IOInterfacePKG/N_IO_OutputterHBFreqTecplot.C.o, src/CMakeFiles/XyceLib.dir/IOInterfacePKG/N_IO_OutputterHBICTecplot.C.o, src/CMakeFiles/XyceLib.dir/IOInterfacePKG/N_IO_OutputterHomotopy.C.o, src/CMakeFiles/XyceLib.dir/IOInterfacePKG/N_IO_OutputterHomotopyCSV.C.o, src/CMakeFiles/XyceLib.dir/IOInterfacePKG/N_IO_OutputterHomotopyPrn.C.o, src/CMakeFiles/XyceLib.dir/IOInterfacePKG/N_IO_OutputterHomotopyTecplot.C.o, src/CMakeFiles/XyceLib.dir/IOInterfacePKG/N_IO_OutputterMPDEPrn.C.o, src/CMakeFiles/XyceLib.dir/IOInterfacePKG/N_IO_OutputterMPDECSV.C.o, src/CMakeFiles/XyceLib.dir/IOInterfacePKG/N_IO_OutputterMPDETecplot.C.o, src/CMakeFiles/XyceLib.dir/IOInterfacePKG/N_IO_OutputterOverrideRaw.C.o, src/CMakeFiles/XyceLib.dir/IOInterfacePKG/N_IO_OutputterOverrideRawASCII.C.o, src/CMakeFiles/XyceLib.dir/IOInterfacePKG/N_IO_OutputterNoisePrn.C.o, src/CMakeFiles/XyceLib.dir/IOInterfacePKG/N_IO_OutputterNoiseCSV.C.o, src/CMakeFiles/XyceLib.dir/IOInterfacePKG/N_IO_OutputterNoiseTecplot.C.o, src/CMakeFiles/XyceLib.dir/IOInterfacePKG/N_IO_OutputterPCECSV.C.o, src/CMakeFiles/XyceLib.dir/IOInterfacePKG/N_IO_OutputterPCEPrn.C.o, src/CMakeFiles/XyceLib.dir/IOInterfacePKG/N_IO_OutputterPCETecplot.C.o, src/CMakeFiles/XyceLib.dir/IOInterfacePKG/N_IO_OutputterSensitivityPrn.C.o, src/CMakeFiles/XyceLib.dir/IOInterfacePKG/N_IO_OutputterSensitivityCSV.C.o, src/CMakeFiles/XyceLib.dir/IOInterfacePKG/N_IO_OutputterSensitivityTecplot.C.o, src/CMakeFiles/XyceLib.dir/IOInterfacePKG/N_IO_OutputterSensitivityDakota.C.o, src/CMakeFiles/XyceLib.dir/IOInterfacePKG/N_IO_OutputterSensitivityACPrn.C.o, src/CMakeFiles/XyceLib.dir/IOInterfacePKG/N_IO_OutputterSensitivityACCSV.C.o, src/CMakeFiles/XyceLib.dir/IOInterfacePKG/N_IO_OutputterSensitivityACTecplot.C.o, src/CMakeFiles/XyceLib.dir/IOInterfacePKG/N_IO_OutputterSParamTS1.C.o, src/CMakeFiles/XyceLib.dir/IOInterfacePKG/N_IO_OutputterSParamTS2.C.o, src/CMakeFiles/XyceLib.dir/IOInterfacePKG/N_IO_OutputterTimeCSV.C.o, src/CMakeFiles/XyceLib.dir/IOInterfacePKG/N_IO_OutputterTimePrn.C.o, src/CMakeFiles/XyceLib.dir/IOInterfacePKG/N_IO_OutputterTimeProbe.C.o, src/CMakeFiles/XyceLib.dir/IOInterfacePKG/N_IO_OutputterTimeRaw.C.o, src/CMakeFiles/XyceLib.dir/IOInterfacePKG/N_IO_OutputterTimeRawASCII.C.o, src/CMakeFiles/XyceLib.dir/IOInterfacePKG/N_IO_OutputterTimeTecplot.C.o, src/CMakeFiles/XyceLib.dir/IOInterfacePKG/N_IO_Probe.C.o, src/CMakeFiles/XyceLib.dir/IOInterfacePKG/N_IO_Tecplot.C.o, src/CMakeFiles/XyceLib.dir/IOInterfacePKG/N_IO_Outputter.C.o, src/CMakeFiles/XyceLib.dir/IOInterfacePKG/N_IO_OutputterAC.C.o, src/CMakeFiles/XyceLib.dir/IOInterfacePKG/N_IO_OutputterDC.C.o, src/CMakeFiles/XyceLib.dir/IOInterfacePKG/N_IO_OutputterHB.C.o, src/CMakeFiles/XyceLib.dir/IOInterfacePKG/N_IO_OutputterMPDE.C.o, src/CMakeFiles/XyceLib.dir/IOInterfacePKG/N_IO_OutputterRawOverride.C.o, src/CMakeFiles/XyceLib.dir/IOInterfacePKG/N_IO_OutputterNoise.C.o, src/CMakeFiles/XyceLib.dir/IOInterfacePKG/N_IO_OutputterPCE.C.o, src/CMakeFiles/XyceLib.dir/IOInterfacePKG/N_IO_OutputterSensitivity.C.o, src/CMakeFiles/XyceLib.dir/IOInterfacePKG/N_IO_OutputterSParam.C.o, src/CMakeFiles/XyceLib.dir/IOInterfacePKG/N_IO_OutputterTransient.C.o, src/CMakeFiles/XyceLib.dir/IOInterfacePKG/N_IO_RestartMgr.C.o, src/CMakeFiles/XyceLib.dir/IOInterfacePKG/N_IO_SpiceSeparatedFieldTool.C.o, src/CMakeFiles/XyceLib.dir/IOInterfacePKG/N_IO_CircuitMetadata.C.o, src/CMakeFiles/XyceLib.dir/IOInterfacePKG/N_IO_CircuitBlock.C.o, src/CMakeFiles/XyceLib.dir/IOInterfacePKG/N_IO_CircuitContext.C.o, src/CMakeFiles/XyceLib.dir/IOInterfacePKG/N_IO_DeviceBlock.C.o, src/CMakeFiles/XyceLib.dir/IOInterfacePKG/N_IO_OptionBlock.C.o, src/CMakeFiles/XyceLib.dir/IOInterfacePKG/N_IO_ParameterBlock.C.o, src/CMakeFiles/XyceLib.dir/IOInterfacePKG/N_IO_Report.C.o, src/CMakeFiles/XyceLib.dir/IOInterfacePKG/N_IO_FunctionBlock.C.o, src/CMakeFiles/XyceLib.dir/IOInterfacePKG/N_IO_RestartNode.C.o, src/CMakeFiles/XyceLib.dir/IOInterfacePKG/N_IO_Op.C.o, src/CMakeFiles/XyceLib.dir/IOInterfacePKG/N_IO_OpBuilders.C.o, src/CMakeFiles/XyceLib.dir/IOInterfacePKG/N_IO_ActiveOutput.C.o, src/CMakeFiles/XyceLib.dir/IOInterfacePKG/N_IO_mmio.C.o, src/CMakeFiles/XyceLib.dir/IOInterfacePKG/N_IO_PkgOptionsMgr.C.o, src/CMakeFiles/XyceLib.dir/IOInterfacePKG/N_IO_FourierMgr.C.o, src/CMakeFiles/XyceLib.dir/IOInterfacePKG/N_IO_FFTMgr.C.o, src/CMakeFiles/XyceLib.dir/IOInterfacePKG/N_IO_FFTAnalysis.C.o, src/CMakeFiles/XyceLib.dir/IOInterfacePKG/N_IO_ParsingHelpers.C.o, src/CMakeFiles/XyceLib.dir/IOInterfacePKG/N_IO_OutputterEmbeddedSamplingTecplot.C.o, src/CMakeFiles/XyceLib.dir/IOInterfacePKG/N_IO_OutputterEmbeddedSamplingPrn.C.o, src/CMakeFiles/XyceLib.dir/IOInterfacePKG/N_IO_OutputterEmbeddedSamplingCSV.C.o, src/CMakeFiles/XyceLib.dir/IOInterfacePKG/N_IO_OutputterEmbeddedSampling.C.o, src/CMakeFiles/XyceLib.dir/IOInterfacePKG/N_IO_WildcardSupport.C.o, src/CMakeFiles/XyceLib.dir/LinearAlgebraServicesPKG/N_LAS_Amesos2Solver.C.o, src/CMakeFiles/XyceLib.dir/LinearAlgebraServicesPKG/N_LAS_KSparseSolver.C.o, src/CMakeFiles/XyceLib.dir/LinearAlgebraServicesPKG/ksparse/Epetra_CrsKundertSparse.C.o, src/CMakeFiles/XyceLib.dir/LinearAlgebraServicesPKG/ksparse/alloc.c.o, src/CMakeFiles/XyceLib.dir/LinearAlgebraServicesPKG/ksparse/spalloc.c.o, src/CMakeFiles/XyceLib.dir/LinearAlgebraServicesPKG/ksparse/spbuild.c.o, src/CMakeFiles/XyceLib.dir/LinearAlgebraServicesPKG/ksparse/spfactor.c.o, src/CMakeFiles/XyceLib.dir/LinearAlgebraServicesPKG/ksparse/spoutput.c.o, src/CMakeFiles/XyceLib.dir/LinearAlgebraServicesPKG/ksparse/spsolve.c.o, src/CMakeFiles/XyceLib.dir/LinearAlgebraServicesPKG/ksparse/sputils.c.o, src/CMakeFiles/XyceLib.dir/LinearAlgebraServicesPKG/N_LAS_BelosSolver.C.o, src/CMakeFiles/XyceLib.dir/LinearAlgebraServicesPKG/N_LAS_SimpleSolver.C.o, src/CMakeFiles/XyceLib.dir/LinearAlgebraServicesPKG/N_LAS_IRSolver.C.o, src/CMakeFiles/XyceLib.dir/LinearAlgebraServicesPKG/N_LAS_AmesosSolver.C.o, src/CMakeFiles/XyceLib.dir/LinearAlgebraServicesPKG/N_LAS_AztecOOSolver.C.o, src/CMakeFiles/XyceLib.dir/LinearAlgebraServicesPKG/N_LAS_BlockSystemHelpers.C.o, src/CMakeFiles/XyceLib.dir/LinearAlgebraServicesPKG/N_LAS_EpetraBlockMatrix.C.o, src/CMakeFiles/XyceLib.dir/LinearAlgebraServicesPKG/N_LAS_EpetraBlockMultiVector.C.o, src/CMakeFiles/XyceLib.dir/LinearAlgebraServicesPKG/N_LAS_EpetraBlockVector.C.o, src/CMakeFiles/XyceLib.dir/LinearAlgebraServicesPKG/N_LAS_EpetraGraph.C.o, src/CMakeFiles/XyceLib.dir/LinearAlgebraServicesPKG/N_LAS_EpetraHelpers.C.o, src/CMakeFiles/XyceLib.dir/LinearAlgebraServicesPKG/N_LAS_EpetraImporter.C.o, src/CMakeFiles/XyceLib.dir/LinearAlgebraServicesPKG/N_LAS_EpetraMatrix.C.o, src/CMakeFiles/XyceLib.dir/LinearAlgebraServicesPKG/N_LAS_EpetraMultiVector.C.o, src/CMakeFiles/XyceLib.dir/LinearAlgebraServicesPKG/N_LAS_EpetraProblem.C.o, src/CMakeFiles/XyceLib.dir/LinearAlgebraServicesPKG/N_LAS_EpetraVector.C.o, src/CMakeFiles/XyceLib.dir/LinearAlgebraServicesPKG/N_LAS_MatrixFreeEpetraOperator.C.o, src/CMakeFiles/XyceLib.dir/LinearAlgebraServicesPKG/N_LAS_Builder.C.o, src/CMakeFiles/XyceLib.dir/LinearAlgebraServicesPKG/N_LAS_HBDirectSolver.C.o, src/CMakeFiles/XyceLib.dir/LinearAlgebraServicesPKG/N_LAS_ESDirectSolver.C.o, src/CMakeFiles/XyceLib.dir/LinearAlgebraServicesPKG/N_LAS_PCEDirectSolver.C.o, src/CMakeFiles/XyceLib.dir/LinearAlgebraServicesPKG/N_LAS_HBBlockJacobiPrecond.C.o, src/CMakeFiles/XyceLib.dir/LinearAlgebraServicesPKG/N_LAS_HBBlockJacobiEpetraOperator.C.o, src/CMakeFiles/XyceLib.dir/LinearAlgebraServicesPKG/N_LAS_ESBuilder.C.o, src/CMakeFiles/XyceLib.dir/LinearAlgebraServicesPKG/N_LAS_PCEBuilder.C.o, src/CMakeFiles/XyceLib.dir/LinearAlgebraServicesPKG/N_LAS_HBBuilder.C.o, src/CMakeFiles/XyceLib.dir/LinearAlgebraServicesPKG/N_LAS_HBPrecondFactory.C.o, src/CMakeFiles/XyceLib.dir/LinearAlgebraServicesPKG/N_LAS_HBSolverFactory.C.o, src/CMakeFiles/XyceLib.dir/LinearAlgebraServicesPKG/N_LAS_ESSolverFactory.C.o, src/CMakeFiles/XyceLib.dir/LinearAlgebraServicesPKG/N_LAS_PCESolverFactory.C.o, src/CMakeFiles/XyceLib.dir/LinearAlgebraServicesPKG/N_LAS_IfpackPrecond.C.o, src/CMakeFiles/XyceLib.dir/LinearAlgebraServicesPKG/N_LAS_FilteredMatrix.C.o, src/CMakeFiles/XyceLib.dir/LinearAlgebraServicesPKG/N_LAS_FilteredMultiVector.C.o, src/CMakeFiles/XyceLib.dir/LinearAlgebraServicesPKG/N_LAS_MOROperators.C.o, src/CMakeFiles/XyceLib.dir/LinearAlgebraServicesPKG/N_LAS_Problem.C.o, src/CMakeFiles/XyceLib.dir/LinearAlgebraServicesPKG/N_LAS_QueryUtil.C.o, src/CMakeFiles/XyceLib.dir/LinearAlgebraServicesPKG/N_LAS_TranSolverFactory.C.o, src/CMakeFiles/XyceLib.dir/LinearAlgebraServicesPKG/N_LAS_System.C.o, src/CMakeFiles/XyceLib.dir/LinearAlgebraServicesPKG/N_LAS_SystemHelpers.C.o, src/CMakeFiles/XyceLib.dir/LinearAlgebraServicesPKG/N_LAS_TransformTool.C.o, src/CMakeFiles/XyceLib.dir/LinearAlgebraServicesPKG/N_LAS_TrilinosPrecondFactory.C.o, src/CMakeFiles/XyceLib.dir/LoaderServicesPKG/N_LOA_CktLoader.C.o, src/CMakeFiles/XyceLib.dir/LoaderServicesPKG/N_LOA_HBLoader.C.o, src/CMakeFiles/XyceLib.dir/LoaderServicesPKG/N_LOA_Loader.C.o, src/CMakeFiles/XyceLib.dir/LoaderServicesPKG/N_LOA_NonlinearEquationLoader.C.o, src/CMakeFiles/XyceLib.dir/LoaderServicesPKG/N_LOA_ESLoader.C.o, src/CMakeFiles/XyceLib.dir/LoaderServicesPKG/N_LOA_PCELoader.C.o, src/CMakeFiles/XyceLib.dir/ParallelDistPKG/N_PDS_GlobalAccessor.C.o, src/CMakeFiles/XyceLib.dir/ParallelDistPKG/N_PDS_MPI.C.o, src/CMakeFiles/XyceLib.dir/ParallelDistPKG/N_PDS_Manager.C.o, src/CMakeFiles/XyceLib.dir/ParallelDistPKG/N_PDS_ParallelMachine.C.o, src/CMakeFiles/XyceLib.dir/ParallelDistPKG/N_PDS_EpetraMPIComm.C.o, src/CMakeFiles/XyceLib.dir/ParallelDistPKG/N_PDS_EpetraSerialComm.C.o, src/CMakeFiles/XyceLib.dir/ParallelDistPKG/N_PDS_EpetraHelpers.C.o, src/CMakeFiles/XyceLib.dir/ParallelDistPKG/N_PDS_EpetraParMap.C.o, src/CMakeFiles/XyceLib.dir/ParallelDistPKG/N_PDS_Node.C.o, src/CMakeFiles/XyceLib.dir/TopoManagerPKG/N_TOP_CktGraph.C.o, src/CMakeFiles/XyceLib.dir/TopoManagerPKG/N_TOP_CktGraphBasic.C.o, src/CMakeFiles/XyceLib.dir/TopoManagerPKG/N_TOP_CktNode.C.o, src/CMakeFiles/XyceLib.dir/TopoManagerPKG/N_TOP_CktNode_Dev.C.o, src/CMakeFiles/XyceLib.dir/TopoManagerPKG/N_TOP_CktNode_V.C.o, src/CMakeFiles/XyceLib.dir/TopoManagerPKG/N_TOP_Directory.C.o, src/CMakeFiles/XyceLib.dir/TopoManagerPKG/N_TOP_Indexor.C.o, src/CMakeFiles/XyceLib.dir/TopoManagerPKG/N_TOP_Node.C.o, src/CMakeFiles/XyceLib.dir/TopoManagerPKG/N_TOP_NodeDevBlock.C.o, src/CMakeFiles/XyceLib.dir/TopoManagerPKG/N_TOP_ParNode.C.o, src/CMakeFiles/XyceLib.dir/TopoManagerPKG/N_TOP_Topology.C.o, src/CMakeFiles/XyceLib.dir/TopoManagerPKG/N_TOP_SerialLSUtil.C.o, src/CMakeFiles/XyceLib.dir/TopoManagerPKG/N_TOP_ParLSUtil.C.o, src/CMakeFiles/XyceLib.dir/TopoManagerPKG/N_TOP_LSUtilFactory.C.o, src/CMakeFiles/XyceLib.dir/NonlinearSolverPKG/N_NLS_ConductanceExtractor.C.o, src/CMakeFiles/XyceLib.dir/NonlinearSolverPKG/N_NLS_DampedNewton.C.o, src/CMakeFiles/XyceLib.dir/NonlinearSolverPKG/N_NLS_LOCA_Group.C.o, src/CMakeFiles/XyceLib.dir/NonlinearSolverPKG/N_NLS_Manager.C.o, src/CMakeFiles/XyceLib.dir/NonlinearSolverPKG/N_NLS_NLParams.C.o, src/CMakeFiles/XyceLib.dir/NonlinearSolverPKG/N_NLS_NonLinearSolver.C.o, src/CMakeFiles/XyceLib.dir/NonlinearSolverPKG/N_NLS_NOX_AugmentLinSys_GStepping.C.o, src/CMakeFiles/XyceLib.dir/NonlinearSolverPKG/N_NLS_NOX_AugmentLinSys_IC.C.o, src/CMakeFiles/XyceLib.dir/NonlinearSolverPKG/N_NLS_NOX_AugmentLinSys_IC_Gmin.C.o, src/CMakeFiles/XyceLib.dir/NonlinearSolverPKG/N_NLS_NOX_AugmentLinSys_PseudoTransient.C.o, src/CMakeFiles/XyceLib.dir/NonlinearSolverPKG/N_NLS_NOX.C.o, src/CMakeFiles/XyceLib.dir/NonlinearSolverPKG/N_NLS_NOX_Group.C.o, src/CMakeFiles/XyceLib.dir/NonlinearSolverPKG/N_NLS_NOX_Interface.C.o, src/CMakeFiles/XyceLib.dir/NonlinearSolverPKG/N_NLS_NOX_ParameterSet.C.o, src/CMakeFiles/XyceLib.dir/NonlinearSolverPKG/N_NLS_NOX_PseudoTransientSolver.C.o, src/CMakeFiles/XyceLib.dir/NonlinearSolverPKG/N_NLS_NOX_PseudoTransientTest.C.o, src/CMakeFiles/XyceLib.dir/NonlinearSolverPKG/N_NLS_NOX_SharedSystem.C.o, src/CMakeFiles/XyceLib.dir/NonlinearSolverPKG/N_NLS_NOX_Vector.C.o, src/CMakeFiles/XyceLib.dir/NonlinearSolverPKG/N_NLS_NOX_XyceTests.C.o, src/CMakeFiles/XyceLib.dir/NonlinearSolverPKG/N_NLS_ParamMgr.C.o, src/CMakeFiles/XyceLib.dir/NonlinearSolverPKG/N_NLS_ReturnCodes.C.o, src/CMakeFiles/XyceLib.dir/NonlinearSolverPKG/N_NLS_Sensitivity.C.o, src/CMakeFiles/XyceLib.dir/NonlinearSolverPKG/N_NLS_SensitivityResiduals.C.o, src/CMakeFiles/XyceLib.dir/NonlinearSolverPKG/N_NLS_TwoLevelNewton.C.o, src/CMakeFiles/XyceLib.dir/TimeIntegrationPKG/N_TIA_DataStore.C.o, src/CMakeFiles/XyceLib.dir/TimeIntegrationPKG/N_TIA_NoTimeIntegration.C.o, src/CMakeFiles/XyceLib.dir/TimeIntegrationPKG/N_TIA_Gear12.C.o, src/CMakeFiles/XyceLib.dir/TimeIntegrationPKG/N_TIA_OneStep.C.o, src/CMakeFiles/XyceLib.dir/TimeIntegrationPKG/N_TIA_StepErrorControl.C.o, src/CMakeFiles/XyceLib.dir/TimeIntegrationPKG/N_TIA_TIAParams.C.o, src/CMakeFiles/XyceLib.dir/TimeIntegrationPKG/N_TIA_TimeIntegrationMethods.C.o, src/CMakeFiles/XyceLib.dir/TimeIntegrationPKG/N_TIA_TwoLevelError.C.o, src/CMakeFiles/XyceLib.dir/TimeIntegrationPKG/N_TIA_RegisterTimeIntegrationMethods.C.o, src/CMakeFiles/XyceLib.dir/TimeIntegrationPKG/N_TIA_WorkingIntegrationMethod.C.o, src/CMakeFiles/XyceLib.dir/DakotaLinkPKG/N_DAK_DakotaController.C.o, src/CMakeFiles/XyceLib.dir/DakotaLinkPKG/N_DAK_DakotaInterface.C.o, src/CMakeFiles/XyceLib.dir/MultiTimePDEPKG/N_MPDE_Builder.C.o, src/CMakeFiles/XyceLib.dir/MultiTimePDEPKG/N_MPDE_Discretization.C.o, src/CMakeFiles/XyceLib.dir/MultiTimePDEPKG/N_MPDE_Loader.C.o, src/CMakeFiles/XyceLib.dir/MultiTimePDEPKG/N_MPDE_Manager.C.o, src/CMakeFiles/XyceLib.dir/MultiTimePDEPKG/N_MPDE_SawtoothLoader.C.o, src/CMakeFiles/XyceLib.dir/MultiTimePDEPKG/N_MPDE_WarpedPhaseCondition.C.o, src/CMakeFiles/XyceLib.dir/build.make, src/CMakeFiles/XyceLib.dir/link.txt
DEBUG[1627]:   Has rule: yes
DEBUG[1518]: Building target 'src/CMakeFiles/XyceLib.dir/UtilityPKG/ExpressionSrc/ExpressionParser.cxx.o' (depth=2, makefile=src/CMakeFiles/XyceLib.dir/build.make)
DEBUG[1624]:   Dependencies: src/CMakeFiles/XyceLib.dir/flags.make, src/UtilityPKG/ExpressionSrc/ExpressionParser.cxx, src/CMakeFiles/XyceLib.dir/compiler_depend.ts
DEBUG[1627]:   Has rule: yes
DEBUG[1518]: Building target 'src/CMakeFiles/XyceLib.dir/flags.make' (depth=3, makefile=src/CMakeFiles/XyceLib.dir/build.make)
DEBUG[1624]:   Dependencies: src/CMakeFiles/XyceLib.dir/flags.make,v, RCS/src/CMakeFiles/XyceLib.dir/flags.make, RCS/src/CMakeFiles/XyceLib.dir/flags.make,v, SCCS/s.src/CMakeFiles/XyceLib.dir/flags.make, s.src/CMakeFiles/XyceLib.dir/flags.make
DEBUG[1629]:   Has rule: no
DEBUG:   Target 'src/CMakeFiles/XyceLib.dir/flags.make' is up-to-date, skipping
DEBUG[1518]: Building target 'src/UtilityPKG/ExpressionSrc/ExpressionParser.cxx' (depth=3, makefile=src/CMakeFiles/XyceLib.dir/build.make)
DEBUG[1624]:   Dependencies: /mnt/y/Xyce-8/xyce/src/UtilityPKG/ExpressionSrc/ExpressionParser.yxx
DEBUG[1627]:   Has rule: yes
DEBUG:   Target 'src/UtilityPKG/ExpressionSrc/ExpressionParser.cxx' is up-to-date, skipping
DEBUG[1518]: Building target 'src/CMakeFiles/XyceLib.dir/compiler_depend.ts' (depth=3, makefile=src/CMakeFiles/XyceLib.dir/build.make)
DEBUG[1624]:   Dependencies: src/CMakeFiles/XyceLib.dir/compiler_depend.ts,v, RCS/src/CMakeFiles/XyceLib.dir/compiler_depend.ts, RCS/src/CMakeFiles/XyceLib.dir/compiler_depend.ts,v, SCCS/s.src/CMakeFiles/XyceLib.dir/compiler_depend.ts, s.src/CMakeFiles/XyceLib.dir/compiler_depend.ts
DEBUG[1629]:   Has rule: no
DEBUG:   Target 'src/CMakeFiles/XyceLib.dir/compiler_depend.ts' is up-to-date, skipping
/usr/bin/cmake -E cmake_echo_color "--switch=" --green --progress-dir=/mnt/y/Xyce-8/xyce-build/CMakeFiles --progress-num= "Building CXX object src/CMakeFiles/XyceLib.dir/UtilityPKG/ExpressionSrc/ExpressionParser.cxx.o"
[  0%] Building CXX object src/CMakeFiles/XyceLib.dir/UtilityPKG/ExpressionSrc/ExpressionParser.cxx.o
cd /mnt/y/Xyce-8/xyce-build/src && /usr/bin/c++    -MD -MT src/CMakeFiles/XyceLib.dir/UtilityPKG/ExpressionSrc/ExpressionParser.cxx.o -MF CMakeFiles/XyceLib.dir/UtilityPKG/ExpressionSrc/ExpressionParser.cxx.o.d -o CMakeFiles/XyceLib.dir/UtilityPKG/ExpressionSrc/ExpressionParser.cxx.o -c /mnt/y/Xyce-8/xyce-build/src/UtilityPKG/ExpressionSrc/ExpressionParser.cxx
/mnt/y/Xyce-8/xyce/src/UtilityPKG/ExpressionSrc/ExpressionParser.yxx:63:10: fatal error: ExpressionType.h: No such file or directory
   63 | #include "ExpressionType.h"
      |          ^~~~~~~~~~~~~~~~~~
compilation terminated.
smak: *** [src/CMakeFiles/XyceLib.dir/UtilityPKG/ExpressionSrc/ExpressionParser.cxx.o] Error 1
smak: *** [src/CMakeFiles/XyceLib.dir/UtilityPKG/ExpressionSrc/ExpressionParser.cxx.o] Error 1
smak: *** [src/CMakeFiles/XyceLib.dir/all] Error 2
smak: *** [src/CMakeFiles/XyceLib.dir/all] Error 2
smak: *** [all] Error 2

==================================================
Running dry-run comparison (smak -n vs make)...
==================================================
Dry-run outputs saved:
  smak -n: /mnt/y/smak/bugs/xyce-build-20251209-092248/smak-dryrun.txt
  make -n: /mnt/y/smak/bugs/xyce-build-20251209-092248/make-dryrun.txt

=== BUILD REPORT COMPLETE ===
Log saved to: /mnt/y/smak/bugs/xyce-build-20251209-092248/build.log
Dry-run comparison: smak-dryrun.txt vs make-dryrun.txt
